<?xml version="1.0" encoding="UTF-8"?>
<testng-results skipped="14" failed="0" total="14" passed="0">
  <reporter-output>
  </reporter-output>
  <suite name="appium实战-Android篇" duration-ms="69" started-at="2017-06-02T10:03:29Z" finished-at="2017-06-02T10:03:29Z">
    <groups>
    </groups>
    <test name="首页" duration-ms="13" started-at="2017-06-02T10:03:29Z" finished-at="2017-06-02T10:03:29Z">
      <class name="com.young.appiumcombat.testcases.android.init.Android_InitPage_001_InitPageCheck_Test">
        <test-method status="SKIP" signature="initSoftware()[pri:0, instance:com.young.appiumcombat.testcases.android.init.Android_InitPage_001_InitPageCheck_Test@a7e666]" name="initSoftware" is-config="true" duration-ms="0" started-at="2017-06-02T18:03:29Z" finished-at="2017-06-02T18:03:29Z">
          <reporter-output>
          </reporter-output>
        </test-method> <!-- initSoftware -->
        <test-method status="SKIP" signature="Case_001_InitPageCheck()[pri:0, instance:com.young.appiumcombat.testcases.android.init.Android_InitPage_001_InitPageCheck_Test@a7e666]" name="Case_001_InitPageCheck" duration-ms="2" started-at="2017-06-02T18:03:29Z" finished-at="2017-06-02T18:03:29Z">
          <reporter-output>
          </reporter-output>
        </test-method> <!-- Case_001_InitPageCheck -->
      </class> <!-- com.young.appiumcombat.testcases.android.init.Android_InitPage_001_InitPageCheck_Test -->
    </test> <!-- 首页 -->
    <test name="主页" duration-ms="4" started-at="2017-06-02T10:03:29Z" finished-at="2017-06-02T10:03:29Z">
      <class name="com.young.appiumcombat.testcases.android.home.Android_HomePage_001_UiCheck_Test">
        <test-method status="SKIP" signature="initSoftware()[pri:0, instance:com.young.appiumcombat.testcases.android.home.Android_HomePage_001_UiCheck_Test@23faf8f2]" name="initSoftware" is-config="true" duration-ms="0" started-at="2017-06-02T18:03:29Z" finished-at="2017-06-02T18:03:29Z">
          <reporter-output>
          </reporter-output>
        </test-method> <!-- initSoftware -->
        <test-method status="SKIP" signature="Case_001_HomePageUiCheck()[pri:0, instance:com.young.appiumcombat.testcases.android.home.Android_HomePage_001_UiCheck_Test@23faf8f2]" name="Case_001_HomePageUiCheck" duration-ms="1" started-at="2017-06-02T18:03:29Z" finished-at="2017-06-02T18:03:29Z">
          <reporter-output>
          </reporter-output>
        </test-method> <!-- Case_001_HomePageUiCheck -->
      </class> <!-- com.young.appiumcombat.testcases.android.home.Android_HomePage_001_UiCheck_Test -->
    </test> <!-- 主页 -->
    <test name="电子发票" duration-ms="7" started-at="2017-06-02T10:03:29Z" finished-at="2017-06-02T10:03:29Z">
      <class name="com.young.appiumcombat.testcases.android.electronicinvoice.Android_EletronicInvoicePage_001_UiCheck_Test">
        <test-method status="SKIP" signature="initSoftware()[pri:0, instance:com.young.appiumcombat.testcases.android.electronicinvoice.Android_EletronicInvoicePage_001_UiCheck_Test@56aac163]" name="initSoftware" is-config="true" duration-ms="0" started-at="2017-06-02T18:03:29Z" finished-at="2017-06-02T18:03:29Z">
          <reporter-output>
          </reporter-output>
        </test-method> <!-- initSoftware -->
        <test-method status="SKIP" signature="Case_001_intoEletronicInvoicePage()[pri:0, instance:com.young.appiumcombat.testcases.android.electronicinvoice.Android_EletronicInvoicePage_001_UiCheck_Test@56aac163]" name="Case_001_intoEletronicInvoicePage" duration-ms="1" started-at="2017-06-02T18:03:29Z" finished-at="2017-06-02T18:03:29Z">
          <reporter-output>
          </reporter-output>
        </test-method> <!-- Case_001_intoEletronicInvoicePage -->
        <test-method status="SKIP" signature="Case_002_EletronicInvoicePageUiCheck()[pri:0, instance:com.young.appiumcombat.testcases.android.electronicinvoice.Android_EletronicInvoicePage_001_UiCheck_Test@56aac163]" name="Case_002_EletronicInvoicePageUiCheck" duration-ms="0" started-at="2017-06-02T18:03:29Z" depends-on-methods="com.young.appiumcombat.testcases.android.electronicinvoice.Android_EletronicInvoicePage_001_UiCheck_Test.Case_001_intoEletronicInvoicePage" finished-at="2017-06-02T18:03:29Z">
          <exception class="java.lang.Throwable">
            <message>
              <![CDATA[Method Android_EletronicInvoicePage_001_UiCheck_Test.Case_002_EletronicInvoicePageUiCheck()[pri:0, instance:com.young.appiumcombat.testcases.android.electronicinvoice.Android_EletronicInvoicePage_001_UiCheck_Test@56aac163] depends on not successfully finished methods]]>
            </message>
            <full-stacktrace>
              <![CDATA[java.lang.Throwable: Method Android_EletronicInvoicePage_001_UiCheck_Test.Case_002_EletronicInvoicePageUiCheck()[pri:0, instance:com.young.appiumcombat.testcases.android.electronicinvoice.Android_EletronicInvoicePage_001_UiCheck_Test@56aac163] depends on not successfully finished methods
	at org.testng.internal.Invoker.invokeTestMethods(Invoker.java:1037)
	at org.testng.internal.TestMethodWorker.invokeTestMethods(TestMethodWorker.java:129)
	at org.testng.internal.TestMethodWorker.run(TestMethodWorker.java:112)
	at org.testng.TestRunner.privateRun(TestRunner.java:782)
	at org.testng.TestRunner.run(TestRunner.java:632)
	at org.testng.SuiteRunner.runTest(SuiteRunner.java:366)
	at org.testng.SuiteRunner.access$000(SuiteRunner.java:39)
	at org.testng.SuiteRunner$SuiteWorker.run(SuiteRunner.java:400)
	at org.testng.internal.thread.ThreadUtil$2.call(ThreadUtil.java:64)
	at java.util.concurrent.FutureTask.run(FutureTask.java:266)
	at java.util.concurrent.ThreadPoolExecutor.runWorker(ThreadPoolExecutor.java:1142)
	at java.util.concurrent.ThreadPoolExecutor$Worker.run(ThreadPoolExecutor.java:617)
	at java.lang.Thread.run(Thread.java:745)
]]>
            </full-stacktrace>
          </exception> <!-- java.lang.Throwable -->
          <reporter-output>
          </reporter-output>
        </test-method> <!-- Case_002_EletronicInvoicePageUiCheck -->
        <test-method status="SKIP" signature="Case_003_EnableElectronicInvoice()[pri:0, instance:com.young.appiumcombat.testcases.android.electronicinvoice.Android_EletronicInvoicePage_001_UiCheck_Test@56aac163]" name="Case_003_EnableElectronicInvoice" duration-ms="0" started-at="2017-06-02T18:03:29Z" depends-on-methods="com.young.appiumcombat.testcases.android.electronicinvoice.Android_EletronicInvoicePage_001_UiCheck_Test.Case_001_intoEletronicInvoicePage" finished-at="2017-06-02T18:03:29Z">
          <exception class="java.lang.Throwable">
            <message>
              <![CDATA[Method Android_EletronicInvoicePage_001_UiCheck_Test.Case_003_EnableElectronicInvoice()[pri:0, instance:com.young.appiumcombat.testcases.android.electronicinvoice.Android_EletronicInvoicePage_001_UiCheck_Test@56aac163] depends on not successfully finished methods]]>
            </message>
            <full-stacktrace>
              <![CDATA[java.lang.Throwable: Method Android_EletronicInvoicePage_001_UiCheck_Test.Case_003_EnableElectronicInvoice()[pri:0, instance:com.young.appiumcombat.testcases.android.electronicinvoice.Android_EletronicInvoicePage_001_UiCheck_Test@56aac163] depends on not successfully finished methods
	at org.testng.internal.Invoker.invokeTestMethods(Invoker.java:1037)
	at org.testng.internal.TestMethodWorker.invokeTestMethods(TestMethodWorker.java:129)
	at org.testng.internal.TestMethodWorker.run(TestMethodWorker.java:112)
	at org.testng.TestRunner.privateRun(TestRunner.java:782)
	at org.testng.TestRunner.run(TestRunner.java:632)
	at org.testng.SuiteRunner.runTest(SuiteRunner.java:366)
	at org.testng.SuiteRunner.access$000(SuiteRunner.java:39)
	at org.testng.SuiteRunner$SuiteWorker.run(SuiteRunner.java:400)
	at org.testng.internal.thread.ThreadUtil$2.call(ThreadUtil.java:64)
	at java.util.concurrent.FutureTask.run(FutureTask.java:266)
	at java.util.concurrent.ThreadPoolExecutor.runWorker(ThreadPoolExecutor.java:1142)
	at java.util.concurrent.ThreadPoolExecutor$Worker.run(ThreadPoolExecutor.java:617)
	at java.lang.Thread.run(Thread.java:745)
]]>
            </full-stacktrace>
          </exception> <!-- java.lang.Throwable -->
          <reporter-output>
          </reporter-output>
        </test-method> <!-- Case_003_EnableElectronicInvoice -->
        <test-method status="SKIP" signature="Case_005_BackToHomePage()[pri:0, instance:com.young.appiumcombat.testcases.android.electronicinvoice.Android_EletronicInvoicePage_001_UiCheck_Test@56aac163]" name="Case_005_BackToHomePage" duration-ms="0" started-at="2017-06-02T18:03:29Z" depends-on-methods="com.young.appiumcombat.testcases.android.electronicinvoice.Android_EletronicInvoicePage_001_UiCheck_Test.Case_003_EnableElectronicInvoice" finished-at="2017-06-02T18:03:29Z">
          <exception class="java.lang.Throwable">
            <message>
              <![CDATA[Method Android_EletronicInvoicePage_001_UiCheck_Test.Case_005_BackToHomePage()[pri:0, instance:com.young.appiumcombat.testcases.android.electronicinvoice.Android_EletronicInvoicePage_001_UiCheck_Test@56aac163] depends on not successfully finished methods]]>
            </message>
            <full-stacktrace>
              <![CDATA[java.lang.Throwable: Method Android_EletronicInvoicePage_001_UiCheck_Test.Case_005_BackToHomePage()[pri:0, instance:com.young.appiumcombat.testcases.android.electronicinvoice.Android_EletronicInvoicePage_001_UiCheck_Test@56aac163] depends on not successfully finished methods
	at org.testng.internal.Invoker.invokeTestMethods(Invoker.java:1037)
	at org.testng.internal.TestMethodWorker.invokeTestMethods(TestMethodWorker.java:129)
	at org.testng.internal.TestMethodWorker.run(TestMethodWorker.java:112)
	at org.testng.TestRunner.privateRun(TestRunner.java:782)
	at org.testng.TestRunner.run(TestRunner.java:632)
	at org.testng.SuiteRunner.runTest(SuiteRunner.java:366)
	at org.testng.SuiteRunner.access$000(SuiteRunner.java:39)
	at org.testng.SuiteRunner$SuiteWorker.run(SuiteRunner.java:400)
	at org.testng.internal.thread.ThreadUtil$2.call(ThreadUtil.java:64)
	at java.util.concurrent.FutureTask.run(FutureTask.java:266)
	at java.util.concurrent.ThreadPoolExecutor.runWorker(ThreadPoolExecutor.java:1142)
	at java.util.concurrent.ThreadPoolExecutor$Worker.run(ThreadPoolExecutor.java:617)
	at java.lang.Thread.run(Thread.java:745)
]]>
            </full-stacktrace>
          </exception> <!-- java.lang.Throwable -->
          <reporter-output>
          </reporter-output>
        </test-method> <!-- Case_005_BackToHomePage -->
      </class> <!-- com.young.appiumcombat.testcases.android.electronicinvoice.Android_EletronicInvoicePage_001_UiCheck_Test -->
    </test> <!-- 电子发票 -->
    <test name="税务指导" duration-ms="23" started-at="2017-06-02T10:03:29Z" finished-at="2017-06-02T10:03:29Z">
      <class name="com.young.appiumcombat.testcases.android.taxguide.Android_TaxGuidePage_001_UiCheck_test">
        <test-method status="FAIL" signature="initTest(org.testng.ITestContext)[pri:0, instance:com.young.appiumcombat.testcases.android.taxguide.Android_TaxGuidePage_001_UiCheck_test@3b088d51]" name="initTest" is-config="true" duration-ms="0" started-at="2017-06-02T18:03:12Z" finished-at="2017-06-02T18:03:12Z">
          <params>
            <param index="0">
              <value>
                <![CDATA[org.testng.TestRunner@25fb8912]]>
              </value>
            </param>
          </params>
          <exception class="org.openqa.selenium.remote.UnreachableBrowserException">
            <message>
              <![CDATA[Could not start a new session. Possible causes are invalid address of the remote server or browser start-up failure.
Build info: version: '2.53.0', revision: '35ae25b1534ae328c771e0856c93e187490ca824', time: '2016-03-15 10:43:46'
System info: host: 'liangdeMacBook-Pro.local', ip: '192.168.1.53', os.name: 'Mac OS X', os.arch: 'x86_64', os.version: '10.12.4', java.version: '1.8.0_101'
Driver info: driver.version: SelectDriver]]>
            </message>
            <full-stacktrace>
              <![CDATA[org.openqa.selenium.remote.UnreachableBrowserException: Could not start a new session. Possible causes are invalid address of the remote server or browser start-up failure.
Build info: version: '2.53.0', revision: '35ae25b1534ae328c771e0856c93e187490ca824', time: '2016-03-15 10:43:46'
System info: host: 'liangdeMacBook-Pro.local', ip: '192.168.1.53', os.name: 'Mac OS X', os.arch: 'x86_64', os.version: '10.12.4', java.version: '1.8.0_101'
Driver info: driver.version: SelectDriver
	at org.openqa.selenium.remote.RemoteWebDriver.execute(RemoteWebDriver.java:665)
	at io.appium.java_client.DefaultGenericMobileDriver.execute(DefaultGenericMobileDriver.java:43)
	at io.appium.java_client.AppiumDriver.execute(AppiumDriver.java:1)
	at io.appium.java_client.android.AndroidDriver.execute(AndroidDriver.java:1)
	at org.openqa.selenium.remote.RemoteWebDriver.startSession(RemoteWebDriver.java:249)
	at org.openqa.selenium.remote.RemoteWebDriver.<init>(RemoteWebDriver.java:131)
	at org.openqa.selenium.remote.RemoteWebDriver.<init>(RemoteWebDriver.java:144)
	at io.appium.java_client.DefaultGenericMobileDriver.<init>(DefaultGenericMobileDriver.java:39)
	at io.appium.java_client.AppiumDriver.<init>(AppiumDriver.java:69)
	at io.appium.java_client.AppiumDriver.<init>(AppiumDriver.java:78)
	at io.appium.java_client.android.AndroidDriver.<init>(AndroidDriver.java:67)
	at com.young.appiumcombat.utils.AppiumUtil.getDriver(AppiumUtil.java:58)
	at com.young.appiumcombat.utils.SelectDriver.selectDriver(SelectDriver.java:117)
	at com.young.appiumcombat.base.BasePrepare.initTest(BasePrepare.java:80)
	at sun.reflect.NativeMethodAccessorImpl.invoke0(Native Method)
	at sun.reflect.NativeMethodAccessorImpl.invoke(NativeMethodAccessorImpl.java:62)
	at sun.reflect.DelegatingMethodAccessorImpl.invoke(DelegatingMethodAccessorImpl.java:43)
	at java.lang.reflect.Method.invoke(Method.java:498)
	at org.testng.internal.MethodInvocationHelper.invokeMethod(MethodInvocationHelper.java:86)
	at org.testng.internal.Invoker.invokeConfigurationMethod(Invoker.java:514)
	at org.testng.internal.Invoker.invokeConfigurations(Invoker.java:215)
	at org.testng.internal.Invoker.invokeConfigurations(Invoker.java:142)
	at org.testng.SuiteRunner.privateRun(SuiteRunner.java:305)
	at org.testng.SuiteRunner.run(SuiteRunner.java:268)
	at org.testng.SuiteRunnerWorker.runSuite(SuiteRunnerWorker.java:52)
	at org.testng.SuiteRunnerWorker.run(SuiteRunnerWorker.java:86)
	at org.testng.TestNG.runSuitesSequentially(TestNG.java:1244)
	at org.testng.TestNG.runSuitesLocally(TestNG.java:1169)
	at org.testng.TestNG.run(TestNG.java:1064)
	at org.testng.remote.AbstractRemoteTestNG.run(AbstractRemoteTestNG.java:126)
	at org.testng.remote.RemoteTestNG.initAndRun(RemoteTestNG.java:137)
	at org.testng.remote.RemoteTestNG.main(RemoteTestNG.java:58)
Caused by: org.openqa.selenium.WebDriverException: org.apache.http.conn.HttpHostConnectException: Connect to 127.0.0.1:4723 [/127.0.0.1] failed: Connection refused
Build info: version: '2.53.0', revision: '35ae25b1534ae328c771e0856c93e187490ca824', time: '2016-03-15 10:43:46'
System info: host: 'liangdeMacBook-Pro.local', ip: '192.168.1.53', os.name: 'Mac OS X', os.arch: 'x86_64', os.version: '10.12.4', java.version: '1.8.0_101'
Driver info: driver.version: SelectDriver
	at io.appium.java_client.remote.AppiumCommandExecutor.execute(AppiumCommandExecutor.java:76)
	at org.openqa.selenium.remote.RemoteWebDriver.execute(RemoteWebDriver.java:644)
	... 31 more
Caused by: org.apache.http.conn.HttpHostConnectException: Connect to 127.0.0.1:4723 [/127.0.0.1] failed: Connection refused
	at org.apache.http.impl.conn.DefaultHttpClientConnectionOperator.connect(DefaultHttpClientConnectionOperator.java:158)
	at org.apache.http.impl.conn.PoolingHttpClientConnectionManager.connect(PoolingHttpClientConnectionManager.java:353)
	at org.apache.http.impl.execchain.MainClientExec.establishRoute(MainClientExec.java:380)
	at org.apache.http.impl.execchain.MainClientExec.execute(MainClientExec.java:236)
	at org.apache.http.impl.execchain.ProtocolExec.execute(ProtocolExec.java:184)
	at org.apache.http.impl.execchain.RetryExec.execute(RetryExec.java:88)
	at org.apache.http.impl.execchain.RedirectExec.execute(RedirectExec.java:110)
	at org.apache.http.impl.client.InternalHttpClient.doExecute(InternalHttpClient.java:184)
	at org.apache.http.impl.client.CloseableHttpClient.execute(CloseableHttpClient.java:71)
	at org.apache.http.impl.client.CloseableHttpClient.execute(CloseableHttpClient.java:55)
	at org.openqa.selenium.remote.internal.ApacheHttpClient.fallBackExecute(ApacheHttpClient.java:162)
	at org.openqa.selenium.remote.internal.ApacheHttpClient.execute(ApacheHttpClient.java:90)
	at org.openqa.selenium.remote.HttpCommandExecutor.execute(HttpCommandExecutor.java:142)
	at io.appium.java_client.remote.AppiumCommandExecutor.execute(AppiumCommandExecutor.java:64)
	... 32 more
Caused by: java.net.ConnectException: Connection refused
	at java.net.PlainSocketImpl.socketConnect(Native Method)
	at java.net.AbstractPlainSocketImpl.doConnect(AbstractPlainSocketImpl.java:350)
	at java.net.AbstractPlainSocketImpl.connectToAddress(AbstractPlainSocketImpl.java:206)
	at java.net.AbstractPlainSocketImpl.connect(AbstractPlainSocketImpl.java:188)
	at java.net.SocksSocketImpl.connect(SocksSocketImpl.java:392)
	at java.net.Socket.connect(Socket.java:589)
	at org.apache.http.conn.socket.PlainConnectionSocketFactory.connectSocket(PlainConnectionSocketFactory.java:74)
	at org.apache.http.impl.conn.DefaultHttpClientConnectionOperator.connect(DefaultHttpClientConnectionOperator.java:141)
	... 45 more
]]>
            </full-stacktrace>
          </exception> <!-- org.openqa.selenium.remote.UnreachableBrowserException -->
          <reporter-output>
          </reporter-output>
        </test-method> <!-- initTest -->
        <test-method status="SKIP" signature="initSoftware()[pri:0, instance:com.young.appiumcombat.testcases.android.taxguide.Android_TaxGuidePage_001_UiCheck_test@3b088d51]" name="initSoftware" is-config="true" duration-ms="0" started-at="2017-06-02T18:03:29Z" finished-at="2017-06-02T18:03:29Z">
          <reporter-output>
          </reporter-output>
        </test-method> <!-- initSoftware -->
        <test-method status="SKIP" signature="Case_001_intoTaxGuide()[pri:0, instance:com.young.appiumcombat.testcases.android.taxguide.Android_TaxGuidePage_001_UiCheck_test@3b088d51]" name="Case_001_intoTaxGuide" duration-ms="1" started-at="2017-06-02T18:03:29Z" finished-at="2017-06-02T18:03:29Z">
          <reporter-output>
          </reporter-output>
        </test-method> <!-- Case_001_intoTaxGuide -->
        <test-method status="SKIP" signature="initSoftware()[pri:0, instance:com.young.appiumcombat.testcases.android.taxguide.Android_TaxGuidePage_001_UiCheck_test@3b088d51]" name="initSoftware" is-config="true" duration-ms="0" started-at="2017-06-02T18:03:29Z" finished-at="2017-06-02T18:03:29Z">
          <reporter-output>
          </reporter-output>
        </test-method> <!-- initSoftware -->
        <test-method status="SKIP" signature="Case_002_TaxGuidePageUiCheck()[pri:0, instance:com.young.appiumcombat.testcases.android.taxguide.Android_TaxGuidePage_001_UiCheck_test@3b088d51]" name="Case_002_TaxGuidePageUiCheck" duration-ms="1" started-at="2017-06-02T18:03:29Z" finished-at="2017-06-02T18:03:29Z">
          <reporter-output>
          </reporter-output>
        </test-method> <!-- Case_002_TaxGuidePageUiCheck -->
        <test-method status="SKIP" signature="Case_003_ApplyTaxPageUiCheck()[pri:0, instance:com.young.appiumcombat.testcases.android.taxguide.Android_TaxGuidePage_001_UiCheck_test@3b088d51]" name="Case_003_ApplyTaxPageUiCheck" duration-ms="1" started-at="2017-06-02T18:03:29Z" finished-at="2017-06-02T18:03:29Z">
          <reporter-output>
          </reporter-output>
        </test-method> <!-- Case_003_ApplyTaxPageUiCheck -->
        <test-method status="SKIP" signature="initSoftware()[pri:0, instance:com.young.appiumcombat.testcases.android.taxguide.Android_TaxGuidePage_001_UiCheck_test@3b088d51]" name="initSoftware" is-config="true" duration-ms="0" started-at="2017-06-02T18:03:29Z" finished-at="2017-06-02T18:03:29Z">
          <reporter-output>
          </reporter-output>
        </test-method> <!-- initSoftware -->
        <test-method status="SKIP" signature="initSoftware()[pri:0, instance:com.young.appiumcombat.testcases.android.taxguide.Android_TaxGuidePage_001_UiCheck_test@3b088d51]" name="initSoftware" is-config="true" duration-ms="0" started-at="2017-06-02T18:03:29Z" finished-at="2017-06-02T18:03:29Z">
          <reporter-output>
          </reporter-output>
        </test-method> <!-- initSoftware -->
        <test-method status="SKIP" signature="Case_004_RegisterTaxUiCheck()[pri:0, instance:com.young.appiumcombat.testcases.android.taxguide.Android_TaxGuidePage_001_UiCheck_test@3b088d51]" name="Case_004_RegisterTaxUiCheck" duration-ms="0" started-at="2017-06-02T18:03:29Z" finished-at="2017-06-02T18:03:29Z">
          <reporter-output>
          </reporter-output>
        </test-method> <!-- Case_004_RegisterTaxUiCheck -->
        <test-method status="SKIP" signature="initSoftware()[pri:0, instance:com.young.appiumcombat.testcases.android.taxguide.Android_TaxGuidePage_001_UiCheck_test@3b088d51]" name="initSoftware" is-config="true" duration-ms="0" started-at="2017-06-02T18:03:29Z" finished-at="2017-06-02T18:03:29Z">
          <reporter-output>
          </reporter-output>
        </test-method> <!-- initSoftware -->
        <test-method status="SKIP" signature="Case_005_InvoiceManagementUiCheck()[pri:0, instance:com.young.appiumcombat.testcases.android.taxguide.Android_TaxGuidePage_001_UiCheck_test@3b088d51]" name="Case_005_InvoiceManagementUiCheck" duration-ms="1" started-at="2017-06-02T18:03:29Z" finished-at="2017-06-02T18:03:29Z">
          <reporter-output>
          </reporter-output>
        </test-method> <!-- Case_005_InvoiceManagementUiCheck -->
        <test-method status="SKIP" signature="initSoftware()[pri:0, instance:com.young.appiumcombat.testcases.android.taxguide.Android_TaxGuidePage_001_UiCheck_test@3b088d51]" name="initSoftware" is-config="true" duration-ms="0" started-at="2017-06-02T18:03:29Z" finished-at="2017-06-02T18:03:29Z">
          <reporter-output>
          </reporter-output>
        </test-method> <!-- initSoftware -->
        <test-method status="SKIP" signature="Case_006_TaxAuthenticationUiCheck()[pri:0, instance:com.young.appiumcombat.testcases.android.taxguide.Android_TaxGuidePage_001_UiCheck_test@3b088d51]" name="Case_006_TaxAuthenticationUiCheck" duration-ms="0" started-at="2017-06-02T18:03:29Z" finished-at="2017-06-02T18:03:29Z">
          <reporter-output>
          </reporter-output>
        </test-method> <!-- Case_006_TaxAuthenticationUiCheck -->
        <test-method status="SKIP" signature="initSoftware()[pri:0, instance:com.young.appiumcombat.testcases.android.taxguide.Android_TaxGuidePage_001_UiCheck_test@3b088d51]" name="initSoftware" is-config="true" duration-ms="0" started-at="2017-06-02T18:03:29Z" finished-at="2017-06-02T18:03:29Z">
          <reporter-output>
          </reporter-output>
        </test-method> <!-- initSoftware -->
        <test-method status="SKIP" signature="Case_007_DiscountRecordUiCheck()[pri:0, instance:com.young.appiumcombat.testcases.android.taxguide.Android_TaxGuidePage_001_UiCheck_test@3b088d51]" name="Case_007_DiscountRecordUiCheck" duration-ms="0" started-at="2017-06-02T18:03:29Z" finished-at="2017-06-02T18:03:29Z">
          <reporter-output>
          </reporter-output>
        </test-method> <!-- Case_007_DiscountRecordUiCheck -->
        <test-method status="SKIP" signature="initSoftware()[pri:0, instance:com.young.appiumcombat.testcases.android.taxguide.Android_TaxGuidePage_001_UiCheck_test@3b088d51]" name="initSoftware" is-config="true" duration-ms="0" started-at="2017-06-02T18:03:29Z" finished-at="2017-06-02T18:03:29Z">
          <reporter-output>
          </reporter-output>
        </test-method> <!-- initSoftware -->
        <test-method status="SKIP" signature="Case_008_ProveManagerUiCheck()[pri:0, instance:com.young.appiumcombat.testcases.android.taxguide.Android_TaxGuidePage_001_UiCheck_test@3b088d51]" name="Case_008_ProveManagerUiCheck" duration-ms="1" started-at="2017-06-02T18:03:29Z" finished-at="2017-06-02T18:03:29Z">
          <reporter-output>
          </reporter-output>
        </test-method> <!-- Case_008_ProveManagerUiCheck -->
        <test-method status="SKIP" signature="backToHomePage()[pri:0, instance:com.young.appiumcombat.testcases.android.taxguide.Android_TaxGuidePage_001_UiCheck_test@3b088d51]" name="backToHomePage" is-config="true" duration-ms="0" started-at="2017-06-02T18:03:29Z" finished-at="2017-06-02T18:03:29Z">
          <reporter-output>
          </reporter-output>
        </test-method> <!-- backToHomePage -->
        <test-method status="SKIP" signature="clenTest()[pri:0, instance:com.young.appiumcombat.testcases.android.taxguide.Android_TaxGuidePage_001_UiCheck_test@3b088d51]" name="clenTest" is-config="true" duration-ms="0" started-at="2017-06-02T18:03:29Z" finished-at="2017-06-02T18:03:29Z">
          <reporter-output>
          </reporter-output>
        </test-method> <!-- clenTest -->
      </class> <!-- com.young.appiumcombat.testcases.android.taxguide.Android_TaxGuidePage_001_UiCheck_test -->
    </test> <!-- 税务指导 -->
  </suite> <!-- appium实战-Android篇 -->
</testng-results>
