<?xml version="1.0" encoding="UTF-8"?>
<!-- Generated by org.testng.reporters.JUnitXMLReporter -->
<testsuite hostname="liangdeMacBook-Pro.local" name="Default test" tests="4" failures="0" timestamp="15 May 2017 08:07:41 GMT" time="0.017" errors="0">
  <testcase name="@BeforeSuite initTest" time="0.0" classname="com.young.appiumcombat.testcases.android.electronicinvoice.Android_EletronicInvoicePage_001_UiCheck_Test">
    <failure type="java.lang.NullPointerException">
      <![CDATA[java.lang.NullPointerException
	at com.young.appiumcombat.base.BasePrepare.initTest(BasePrepare.java:64)
	at sun.reflect.NativeMethodAccessorImpl.invoke0(Native Method)
	at sun.reflect.NativeMethodAccessorImpl.invoke(NativeMethodAccessorImpl.java:62)
	at sun.reflect.DelegatingMethodAccessorImpl.invoke(DelegatingMethodAccessorImpl.java:43)
	at java.lang.reflect.Method.invoke(Method.java:498)
	at org.testng.internal.MethodInvocationHelper.invokeMethod(MethodInvocationHelper.java:86)
	at org.testng.internal.Invoker.invokeConfigurationMethod(Invoker.java:514)
	at org.testng.internal.Invoker.invokeConfigurations(Invoker.java:215)
	at org.testng.internal.Invoker.invokeConfigurations(Invoker.java:142)
	at org.testng.SuiteRunner.privateRun(SuiteRunner.java:305)
	at org.testng.SuiteRunner.run(SuiteRunner.java:268)
	at org.testng.SuiteRunnerWorker.runSuite(SuiteRunnerWorker.java:52)
	at org.testng.SuiteRunnerWorker.run(SuiteRunnerWorker.java:86)
	at org.testng.TestNG.runSuitesSequentially(TestNG.java:1244)
	at org.testng.TestNG.runSuitesLocally(TestNG.java:1169)
	at org.testng.TestNG.run(TestNG.java:1064)
	at org.testng.remote.AbstractRemoteTestNG.run(AbstractRemoteTestNG.java:126)
	at org.testng.remote.RemoteTestNG.initAndRun(RemoteTestNG.java:137)
	at org.testng.remote.RemoteTestNG.main(RemoteTestNG.java:58)
]]>
    </failure>
  </testcase> <!-- @BeforeSuite initTest -->
  <testcase name="@BeforeMethod initSoftware" time="0.0" classname="com.young.appiumcombat.testcases.android.electronicinvoice.Android_EletronicInvoicePage_001_UiCheck_Test">
    <skipped/>
  </testcase> <!-- @BeforeMethod initSoftware -->
  <testcase name="Case_001_intoEletronicInvoicePage" time="0.001" classname="com.young.appiumcombat.testcases.android.electronicinvoice.Android_EletronicInvoicePage_001_UiCheck_Test">
    <skipped/>
  </testcase> <!-- Case_001_intoEletronicInvoicePage -->
  <testcase name="Case_003_EnableElectronicInvoice" time="0.0" classname="com.young.appiumcombat.testcases.android.electronicinvoice.Android_EletronicInvoicePage_001_UiCheck_Test">
    <skipped/>
  </testcase> <!-- Case_003_EnableElectronicInvoice -->
  <testcase name="Case_004_BackToSumitPage" time="0.0" classname="com.young.appiumcombat.testcases.android.electronicinvoice.Android_EletronicInvoicePage_001_UiCheck_Test">
    <skipped/>
  </testcase> <!-- Case_004_BackToSumitPage -->
  <testcase name="Case_005_BackToHomePage" time="0.0" classname="com.young.appiumcombat.testcases.android.electronicinvoice.Android_EletronicInvoicePage_001_UiCheck_Test">
    <skipped/>
  </testcase> <!-- Case_005_BackToHomePage -->
</testsuite> <!-- Default test -->
