<?xml version="1.0" encoding="UTF-8"?>
<!-- Generated by org.testng.reporters.JUnitXMLReporter -->
<testsuite hostname="liangdeMacBook-Pro.local" name="电子发票" tests="5" failures="0" timestamp="19 May 2017 10:20:05 GMT" time="162.096" errors="0">
  <testcase name="Case_001_intoEletronicInvoicePage" time="25.939" classname="com.young.appiumcombat.testcases.ios.electronicinvoice.iOS_EletronicInvoicePage_001_UiCheck_Test"/>
  <testcase name="Case_002_EletronicInvoicePageUiCheck" time="14.237" classname="com.young.appiumcombat.testcases.ios.electronicinvoice.iOS_EletronicInvoicePage_001_UiCheck_Test"/>
  <testcase name="Case_003_EnableElectronicInvoice" time="104.295" classname="com.young.appiumcombat.testcases.ios.electronicinvoice.iOS_EletronicInvoicePage_001_UiCheck_Test"/>
  <testcase name="Case_004_BackToSumitPage" time="7.894" classname="com.young.appiumcombat.testcases.ios.electronicinvoice.iOS_EletronicInvoicePage_001_UiCheck_Test"/>
  <testcase name="Case_005_BackToHomePage" time="9.721" classname="com.young.appiumcombat.testcases.ios.electronicinvoice.iOS_EletronicInvoicePage_001_UiCheck_Test"/>
</testsuite> <!-- 电子发票 -->
