<?xml version="1.0" encoding="UTF-8"?>
<!-- Generated by org.testng.reporters.JUnitXMLReporter -->
<testsuite hostname="liangdeMacBook-Pro.local" name="税务指导" tests="8" failures="1" timestamp="19 May 2017 10:24:55 GMT" time="284.608" errors="0">
  <testcase name="Case_001_intoTaxGuide" time="12.401" classname="com.young.appiumcombat.testcases.ios.taxguide.IOS_TaxGuidePage_001_UiCheck_test"/>
  <testcase name="Case_002_TaxGuidePageUiCheck" time="25.69" classname="com.young.appiumcombat.testcases.ios.taxguide.IOS_TaxGuidePage_001_UiCheck_test"/>
  <testcase name="Case_003_ApplyTaxPageUiCheck" time="39.575" classname="com.young.appiumcombat.testcases.ios.taxguide.IOS_TaxGuidePage_001_UiCheck_test"/>
  <testcase name="Case_004_RegisterTaxUiCheck" time="39.561" classname="com.young.appiumcombat.testcases.ios.taxguide.IOS_TaxGuidePage_001_UiCheck_test"/>
  <testcase name="Case_005_InvoiceManagementUiCheck" time="40.66" classname="com.young.appiumcombat.testcases.ios.taxguide.IOS_TaxGuidePage_001_UiCheck_test"/>
  <testcase name="Case_006_TaxAuthenticationUiCheck" time="36.388" classname="com.young.appiumcombat.testcases.ios.taxguide.IOS_TaxGuidePage_001_UiCheck_test"/>
  <testcase name="Case_007_DiscountRecordUiCheck" time="39.045" classname="com.young.appiumcombat.testcases.ios.taxguide.IOS_TaxGuidePage_001_UiCheck_test">
    <failure type="java.lang.AssertionError">
      <![CDATA[java.lang.AssertionError
	at com.young.appiumcombat.testcases.ios.taxguide.IOS_TaxGuidePage_001_UiCheck_test.Case_007_DiscountRecordUiCheck(IOS_TaxGuidePage_001_UiCheck_test.java:82)
	at java.util.concurrent.FutureTask.run(FutureTask.java:266)
	at java.util.concurrent.ThreadPoolExecutor.runWorker(ThreadPoolExecutor.java:1142)
	at java.util.concurrent.ThreadPoolExecutor$Worker.run(ThreadPoolExecutor.java:617)
	at java.lang.Thread.run(Thread.java:745)
... Removed 16 stack frames]]>
    </failure>
  </testcase> <!-- Case_007_DiscountRecordUiCheck -->
  <testcase name="Case_008_ProveManagerUiCheck" time="39.517" classname="com.young.appiumcombat.testcases.ios.taxguide.IOS_TaxGuidePage_001_UiCheck_test"/>
</testsuite> <!-- 税务指导 -->
