<?xml version="1.0" encoding="UTF-8"?>
<!-- Generated by org.testng.reporters.JUnitXMLReporter -->
<testsuite hostname="liangdeMacBook-Pro.local" name="e税客" tests="5" failures="4" timestamp="9 May 2017 06:31:44 GMT" time="36.808" errors="0">
  <testcase name="hellpPageUiCheck" time="36.013" classname="com.young.appiumcombat.testcases.android.hello.HelloPage_001_UiCheck_Test"/>
  <testcase name="homePageUiCheck" time="0.001" classname="com.young.appiumcombat.testcases.android.home.Android_HomePage_001_UiCheck_Test">
    <failure type="java.lang.NullPointerException">
      <![CDATA[java.lang.NullPointerException
	at com.young.appiumcombat.testcases.android.home.Android_HomePage_001_UiCheck_Test.homePageUiCheck(HomePage_001_UiCheck_Test.java:19)
	at java.util.concurrent.FutureTask.run(FutureTask.java:266)
	at java.util.concurrent.ThreadPoolExecutor.runWorker(ThreadPoolExecutor.java:1142)
	at java.util.concurrent.ThreadPoolExecutor$Worker.run(ThreadPoolExecutor.java:617)
	at java.lang.Thread.run(Thread.java:745)
... Removed 16 stack frames]]>
    </failure>
  </testcase> <!-- homePageUiCheck -->
  <testcase name="setToNationalVersion" time="0.001" classname="com.young.appiumcombat.testcases.android.setting.SettingPage_001_SetToNationalVersion_Test">
    <failure type="java.lang.NullPointerException">
      <![CDATA[java.lang.NullPointerException
	at com.young.appiumcombat.pages.android.HelloPage.pageFlip(HelloPage.java:31)
	at com.young.appiumcombat.testcases.android.setting.SettingPage_001_SetToNationalVersion_Test.setToNationalVersion(SettingPage_001_SetToNationalVersion_Test.java:21)
	at java.util.concurrent.FutureTask.run(FutureTask.java:266)
	at java.util.concurrent.ThreadPoolExecutor.runWorker(ThreadPoolExecutor.java:1142)
	at java.util.concurrent.ThreadPoolExecutor$Worker.run(ThreadPoolExecutor.java:617)
	at java.lang.Thread.run(Thread.java:745)
... Removed 16 stack frames]]>
    </failure>
  </testcase> <!-- setToNationalVersion -->
  <testcase name="TtaxGuidePageUiCheck" time="0.002" classname="com.young.appiumcombat.testcases.android.taxguide.Android_TaxGuidePage_001_UiCheck_test">
    <failure type="java.lang.NullPointerException">
      <![CDATA[java.lang.NullPointerException
	at com.young.appiumcombat.pages.android.HomePage.intoTaxGuide(HomePage.java:45)
	at com.young.appiumcombat.testcases.android.taxguide.Android_TaxGuidePage_001_UiCheck_test.TtaxGuidePageUiCheck(TaxGuidePage_001_UiCheck_test.java:21)
	at java.util.concurrent.FutureTask.run(FutureTask.java:266)
	at java.util.concurrent.ThreadPoolExecutor.runWorker(ThreadPoolExecutor.java:1142)
	at java.util.concurrent.ThreadPoolExecutor$Worker.run(ThreadPoolExecutor.java:617)
	at java.lang.Thread.run(Thread.java:745)
... Removed 16 stack frames]]>
    </failure>
  </testcase> <!-- TtaxGuidePageUiCheck -->
  <testcase name="applyTaxPageUiCheck" time="0.001" classname="com.young.appiumcombat.testcases.android.taxguide.Android_TaxGuidePage_001_UiCheck_test">
    <failure type="java.lang.NullPointerException">
      <![CDATA[java.lang.NullPointerException
	at com.young.appiumcombat.testcases.android.taxguide.Android_TaxGuidePage_001_UiCheck_test.applyTaxPageUiCheck(TaxGuidePage_001_UiCheck_test.java:27)
	at java.util.concurrent.FutureTask.run(FutureTask.java:266)
	at java.util.concurrent.ThreadPoolExecutor.runWorker(ThreadPoolExecutor.java:1142)
	at java.util.concurrent.ThreadPoolExecutor$Worker.run(ThreadPoolExecutor.java:617)
	at java.lang.Thread.run(Thread.java:745)
... Removed 16 stack frames]]>
    </failure>
  </testcase> <!-- applyTaxPageUiCheck -->
</testsuite> <!-- e税客 -->
