<?xml version="1.0" encoding="UTF-8"?>
<!-- Generated by org.testng.reporters.JUnitXMLReporter -->
<testsuite hostname="liangdeMacBook-Pro.local" name="办税指南" tests="2" failures="2" timestamp="9 May 2017 05:39:54 GMT" time="80.456" errors="0">
  <testcase name="applyTaxPageCheck" time="15.18" classname="com.young.appiumcombat.testcases.android.taxguide.Android_TaxGuidePage_001_UiCheck_test">
    <failure type="java.lang.AssertionError" message="超时!! 10 秒之后还没找到元素 [By.xpath: //*[@id=&amp;apos;com.ysyc.itaxer:id/listView&amp;apos;]/android.widget.RelativeLayout[1]]">
      <![CDATA[java.lang.AssertionError: 超时!! 10 秒之后还没找到元素 [By.xpath: //*[@id='com.ysyc.itaxer:id/listView']/android.widget.RelativeLayout[1]]
	at com.young.appiumcombat.utils.AppiumUtil.waitForElementToLoad(AppiumUtil.java:345)
	at com.young.appiumcombat.pages.android.TaxGuide.checkApplyTaxPage(TaxGuide.java:79)
	at com.young.appiumcombat.testcases.android.taxguide.Android_TaxGuidePage_001_UiCheck_test.applyTaxPageCheck(TaxGuidePage_001_UiCheck_test.java:27)
	at java.util.concurrent.FutureTask.run(FutureTask.java:266)
	at java.util.concurrent.ThreadPoolExecutor.runWorker(ThreadPoolExecutor.java:1142)
	at java.util.concurrent.ThreadPoolExecutor$Worker.run(ThreadPoolExecutor.java:617)
	at java.lang.Thread.run(Thread.java:745)
... Removed 17 stack frames]]>
    </failure>
  </testcase> <!-- applyTaxPageCheck -->
  <testcase name="pageCheck" time="57.362" classname="com.young.appiumcombat.testcases.android.taxguide.Android_TaxGuidePage_001_UiCheck_test">
    <failure type="java.lang.AssertionError" message="超时!! 10 秒之后还没找到元素 [By.xpath: //*[@id=&amp;apos;com.ysyc.itaxer:id/gv_main_cmd&amp;apos;]/android.widget.LinearLayout[1]]">
      <![CDATA[java.lang.AssertionError: 超时!! 10 秒之后还没找到元素 [By.xpath: //*[@id='com.ysyc.itaxer:id/gv_main_cmd']/android.widget.LinearLayout[1]]
	at com.young.appiumcombat.utils.AppiumUtil.waitForElementToLoad(AppiumUtil.java:345)
	at com.young.appiumcombat.pages.android.HomePage.pageCheck(HomePage.java:33)
	at com.young.appiumcombat.testcases.android.taxguide.Android_TaxGuidePage_001_UiCheck_test.pageCheck(TaxGuidePage_001_UiCheck_test.java:19)
	at java.util.concurrent.FutureTask.run(FutureTask.java:266)
	at java.util.concurrent.ThreadPoolExecutor.runWorker(ThreadPoolExecutor.java:1142)
	at java.util.concurrent.ThreadPoolExecutor$Worker.run(ThreadPoolExecutor.java:617)
	at java.lang.Thread.run(Thread.java:745)
... Removed 17 stack frames]]>
    </failure>
  </testcase> <!-- pageCheck -->
</testsuite> <!-- 办税指南 -->
