<?xml version="1.0" encoding="UTF-8"?>
<!-- Generated by org.testng.reporters.JUnitXMLReporter -->
<testsuite hostname="liangdeMacBook-Pro.local" name="电子发票" tests="4" failures="2" timestamp="2 Jun 2017 10:09:45 GMT" time="145.834" errors="0">
  <testcase name="Case_001_intoEletronicInvoicePage" time="5.886" classname="com.young.appiumcombat.testcases.android.electronicinvoice.Android_EletronicInvoicePage_001_UiCheck_Test"/>
  <testcase name="Case_002_EletronicInvoicePageUiCheck" time="46.721" classname="com.young.appiumcombat.testcases.android.electronicinvoice.Android_EletronicInvoicePage_001_UiCheck_Test">
    <failure type="java.lang.AssertionError">
      <![CDATA[java.lang.AssertionError
	at com.young.appiumcombat.testcases.android.electronicinvoice.Android_EletronicInvoicePage_001_UiCheck_Test.Case_002_EletronicInvoicePageUiCheck(Android_EletronicInvoicePage_001_UiCheck_Test.java:27)
	at java.util.concurrent.FutureTask.run(FutureTask.java:266)
	at java.util.concurrent.ThreadPoolExecutor.runWorker(ThreadPoolExecutor.java:1142)
	at java.util.concurrent.ThreadPoolExecutor$Worker.run(ThreadPoolExecutor.java:617)
	at java.lang.Thread.run(Thread.java:745)
... Removed 16 stack frames]]>
    </failure>
  </testcase> <!-- Case_002_EletronicInvoicePageUiCheck -->
  <testcase name="Case_003_EnableElectronicInvoice" time="81.101" classname="com.young.appiumcombat.testcases.android.electronicinvoice.Android_EletronicInvoicePage_001_UiCheck_Test"/>
  <testcase name="Case_005_BackToHomePage" time="12.116" classname="com.young.appiumcombat.testcases.android.electronicinvoice.Android_EletronicInvoicePage_001_UiCheck_Test">
    <failure type="java.lang.AssertionError" message="点击元素：AccessibilityId:back失败">
      <![CDATA[java.lang.AssertionError: 点击元素：AccessibilityId:back失败
	at com.young.appiumcombat.utils.AppiumUtil.click(AppiumUtil.java:187)
	at com.young.appiumcombat.pages.android.Android_ElectronicInvoice.backToHomePage(Android_ElectronicInvoice.java:150)
	at com.young.appiumcombat.testcases.android.electronicinvoice.Android_EletronicInvoicePage_001_UiCheck_Test.Case_005_BackToHomePage(Android_EletronicInvoicePage_001_UiCheck_Test.java:44)
	at java.util.concurrent.FutureTask.run(FutureTask.java:266)
	at java.util.concurrent.ThreadPoolExecutor.runWorker(ThreadPoolExecutor.java:1142)
	at java.util.concurrent.ThreadPoolExecutor$Worker.run(ThreadPoolExecutor.java:617)
	at java.lang.Thread.run(Thread.java:745)
Caused by: org.openqa.selenium.NoSuchElementException: An element could not be located on the page using the given search parameters. (WARNING: The server did not provide any stacktrace information)
Command duration or timeout: 10.11 seconds
For documentation on this error, please visit: http://seleniumhq.org/exceptions/no_such_element.html
Build info: version: '2.53.0', revision: '35ae25b1534ae328c771e0856c93e187490ca824', time: '2016-03-15 10:43:46'
System info: host: 'liangdeMacBook-Pro.local', ip: '192.168.1.53', os.name: 'Mac OS X', os.arch: 'x86_64', os.version: '10.12.4', java.version: '1.8.0_101'
Driver info: io.appium.java_client.android.AndroidDriver
Capabilities [{app=/工作/EclipseWorkSpace/appiumcombat/res/app/android/app-online-release.apk, appPackage=com.ysyc.itaxer, networkConnectionEnabled=true, warnings={}, databaseEnabled=false, deviceName=CEKF7DHM7PSKS8Q4, platform=LINUX, appActivity=com.ysyc.itaxer.ui.FlashActivity, desired={app=/工作/EclipseWorkSpace/appiumcombat/res/app/android/app-online-release.apk, appPackage=com.ysyc.itaxer, appActivity=com.ysyc.itaxer.ui.FlashActivity, nativeInstrumentsLib=true, platformVersion=5.0.2, automationName=Appium, sessionOverride=true, unicodeKeyboard=true, platformName=Android, deviceName=samsung, resetKeyboard=true}, nativeInstrumentsLib=true, platformVersion=4.4.4, webStorageEnabled=false, locationContextEnabled=false, automationName=Appium, takesScreenshot=true, javascriptEnabled=true, sessionOverride=true, unicodeKeyboard=true, platformName=Android, resetKeyboard=true}]
Session ID: c2141c61-1aad-4f9b-9dd2-9803de41514e
*** Element info: {Using=accessibility id, value=back}
	at org.openqa.selenium.remote.ErrorHandler.createThrowable(ErrorHandler.java:206)
	at org.openqa.selenium.remote.ErrorHandler.throwIfResponseFailed(ErrorHandler.java:158)
	at org.openqa.selenium.remote.RemoteWebDriver.execute(RemoteWebDriver.java:678)
	at io.appium.java_client.DefaultGenericMobileDriver.execute(DefaultGenericMobileDriver.java:43)
	at io.appium.java_client.AppiumDriver.execute(AppiumDriver.java:1)
	at io.appium.java_client.android.AndroidDriver.execute(AndroidDriver.java:1)
	at org.openqa.selenium.remote.RemoteWebDriver.findElement(RemoteWebDriver.java:363)
	at io.appium.java_client.DefaultGenericMobileDriver.findElementByAccessibilityId(DefaultGenericMobileDriver.java:140)
	at io.appium.java_client.AppiumDriver.findElementByAccessibilityId(AppiumDriver.java:1)
	at io.appium.java_client.android.AndroidDriver.findElementByAccessibilityId(AndroidDriver.java:1)
	at com.young.appiumcombat.utils.AppiumUtil.findElement(AppiumUtil.java:197)
	at com.young.appiumcombat.utils.AppiumUtil.click(AppiumUtil.java:183)
	... 22 more
... Removed 21 stack frames]]>
    </failure>
  </testcase> <!-- Case_005_BackToHomePage -->
</testsuite> <!-- 电子发票 -->
