<?xml version="1.0" encoding="UTF-8"?>
<!-- Generated by org.testng.reporters.JUnitXMLReporter -->
<testsuite hostname="liangdeMacBook-Pro.local" name="税务指导" tests="8" failures="0" timestamp="2 Jun 2017 10:03:29 GMT" time="0.023" errors="0">
  <testcase name="@BeforeSuite initTest" time="0.0" classname="com.young.appiumcombat.testcases.android.taxguide.Android_TaxGuidePage_001_UiCheck_test">
    <failure type="org.openqa.selenium.remote.UnreachableBrowserException" message="Could not start a new session. Possible causes are invalid address of the remote server or browser start-up failure.
Build info: version: &amp;apos;2.53.0&amp;apos;, revision: &amp;apos;35ae25b1534ae328c771e0856c93e187490ca824&amp;apos;, time: &amp;apos;2016-03-15 10:43:46&amp;apos;
System info: host: &amp;apos;liangdeMacBook-Pro.local&amp;apos;, ip: &amp;apos;192.168.1.53&amp;apos;, os.name: &amp;apos;Mac OS X&amp;apos;, os.arch: &amp;apos;x86_64&amp;apos;, os.version: &amp;apos;10.12.4&amp;apos;, java.version: &amp;apos;1.8.0_101&amp;apos;
Driver info: driver.version: SelectDriver">
      <![CDATA[org.openqa.selenium.remote.UnreachableBrowserException: Could not start a new session. Possible causes are invalid address of the remote server or browser start-up failure.
Build info: version: '2.53.0', revision: '35ae25b1534ae328c771e0856c93e187490ca824', time: '2016-03-15 10:43:46'
System info: host: 'liangdeMacBook-Pro.local', ip: '192.168.1.53', os.name: 'Mac OS X', os.arch: 'x86_64', os.version: '10.12.4', java.version: '1.8.0_101'
Driver info: driver.version: SelectDriver
	at org.openqa.selenium.remote.RemoteWebDriver.execute(RemoteWebDriver.java:665)
	at io.appium.java_client.DefaultGenericMobileDriver.execute(DefaultGenericMobileDriver.java:43)
	at io.appium.java_client.AppiumDriver.execute(AppiumDriver.java:1)
	at io.appium.java_client.android.AndroidDriver.execute(AndroidDriver.java:1)
	at org.openqa.selenium.remote.RemoteWebDriver.startSession(RemoteWebDriver.java:249)
	at org.openqa.selenium.remote.RemoteWebDriver.<init>(RemoteWebDriver.java:131)
	at org.openqa.selenium.remote.RemoteWebDriver.<init>(RemoteWebDriver.java:144)
	at io.appium.java_client.DefaultGenericMobileDriver.<init>(DefaultGenericMobileDriver.java:39)
	at io.appium.java_client.AppiumDriver.<init>(AppiumDriver.java:69)
	at io.appium.java_client.AppiumDriver.<init>(AppiumDriver.java:78)
	at io.appium.java_client.android.AndroidDriver.<init>(AndroidDriver.java:67)
	at com.young.appiumcombat.utils.AppiumUtil.getDriver(AppiumUtil.java:58)
	at com.young.appiumcombat.utils.SelectDriver.selectDriver(SelectDriver.java:117)
	at com.young.appiumcombat.base.BasePrepare.initTest(BasePrepare.java:80)
Caused by: org.openqa.selenium.WebDriverException: org.apache.http.conn.HttpHostConnectException: Connect to 127.0.0.1:4723 [/127.0.0.1] failed: Connection refused
Build info: version: '2.53.0', revision: '35ae25b1534ae328c771e0856c93e187490ca824', time: '2016-03-15 10:43:46'
System info: host: 'liangdeMacBook-Pro.local', ip: '192.168.1.53', os.name: 'Mac OS X', os.arch: 'x86_64', os.version: '10.12.4', java.version: '1.8.0_101'
Driver info: driver.version: SelectDriver
	at io.appium.java_client.remote.AppiumCommandExecutor.execute(AppiumCommandExecutor.java:76)
	at org.openqa.selenium.remote.RemoteWebDriver.execute(RemoteWebDriver.java:644)
	... 31 more
Caused by: org.apache.http.conn.HttpHostConnectException: Connect to 127.0.0.1:4723 [/127.0.0.1] failed: Connection refused
	at org.apache.http.impl.conn.DefaultHttpClientConnectionOperator.connect(DefaultHttpClientConnectionOperator.java:158)
	at org.apache.http.impl.conn.PoolingHttpClientConnectionManager.connect(PoolingHttpClientConnectionManager.java:353)
	at org.apache.http.impl.execchain.MainClientExec.establishRoute(MainClientExec.java:380)
	at org.apache.http.impl.execchain.MainClientExec.execute(MainClientExec.java:236)
	at org.apache.http.impl.execchain.ProtocolExec.execute(ProtocolExec.java:184)
	at org.apache.http.impl.execchain.RetryExec.execute(RetryExec.java:88)
	at org.apache.http.impl.execchain.RedirectExec.execute(RedirectExec.java:110)
	at org.apache.http.impl.client.InternalHttpClient.doExecute(InternalHttpClient.java:184)
	at org.apache.http.impl.client.CloseableHttpClient.execute(CloseableHttpClient.java:71)
	at org.apache.http.impl.client.CloseableHttpClient.execute(CloseableHttpClient.java:55)
	at org.openqa.selenium.remote.internal.ApacheHttpClient.fallBackExecute(ApacheHttpClient.java:162)
	at org.openqa.selenium.remote.internal.ApacheHttpClient.execute(ApacheHttpClient.java:90)
	at org.openqa.selenium.remote.HttpCommandExecutor.execute(HttpCommandExecutor.java:142)
	at io.appium.java_client.remote.AppiumCommandExecutor.execute(AppiumCommandExecutor.java:64)
	... 32 more
Caused by: java.net.ConnectException: Connection refused
	at java.net.PlainSocketImpl.socketConnect(Native Method)
	at java.net.AbstractPlainSocketImpl.doConnect(AbstractPlainSocketImpl.java:350)
	at java.net.AbstractPlainSocketImpl.connectToAddress(AbstractPlainSocketImpl.java:206)
	at java.net.AbstractPlainSocketImpl.connect(AbstractPlainSocketImpl.java:188)
	at java.net.SocksSocketImpl.connect(SocksSocketImpl.java:392)
	at java.net.Socket.connect(Socket.java:589)
	at org.apache.http.conn.socket.PlainConnectionSocketFactory.connectSocket(PlainConnectionSocketFactory.java:74)
	at org.apache.http.impl.conn.DefaultHttpClientConnectionOperator.connect(DefaultHttpClientConnectionOperator.java:141)
	... 45 more
... Removed 18 stack frames]]>
    </failure>
  </testcase> <!-- @BeforeSuite initTest -->
  <testcase name="@BeforeMethod initSoftware" time="0.0" classname="com.young.appiumcombat.testcases.android.taxguide.Android_TaxGuidePage_001_UiCheck_test">
    <skipped/>
  </testcase> <!-- @BeforeMethod initSoftware -->
  <testcase name="@BeforeMethod initSoftware" time="0.0" classname="com.young.appiumcombat.testcases.android.taxguide.Android_TaxGuidePage_001_UiCheck_test">
    <skipped/>
  </testcase> <!-- @BeforeMethod initSoftware -->
  <testcase name="@BeforeMethod initSoftware" time="0.0" classname="com.young.appiumcombat.testcases.android.taxguide.Android_TaxGuidePage_001_UiCheck_test">
    <skipped/>
  </testcase> <!-- @BeforeMethod initSoftware -->
  <testcase name="@BeforeMethod initSoftware" time="0.0" classname="com.young.appiumcombat.testcases.android.taxguide.Android_TaxGuidePage_001_UiCheck_test">
    <skipped/>
  </testcase> <!-- @BeforeMethod initSoftware -->
  <testcase name="@BeforeMethod initSoftware" time="0.0" classname="com.young.appiumcombat.testcases.android.taxguide.Android_TaxGuidePage_001_UiCheck_test">
    <skipped/>
  </testcase> <!-- @BeforeMethod initSoftware -->
  <testcase name="@BeforeMethod initSoftware" time="0.0" classname="com.young.appiumcombat.testcases.android.taxguide.Android_TaxGuidePage_001_UiCheck_test">
    <skipped/>
  </testcase> <!-- @BeforeMethod initSoftware -->
  <testcase name="@BeforeMethod initSoftware" time="0.0" classname="com.young.appiumcombat.testcases.android.taxguide.Android_TaxGuidePage_001_UiCheck_test">
    <skipped/>
  </testcase> <!-- @BeforeMethod initSoftware -->
  <testcase name="@BeforeMethod initSoftware" time="0.0" classname="com.young.appiumcombat.testcases.android.taxguide.Android_TaxGuidePage_001_UiCheck_test">
    <skipped/>
  </testcase> <!-- @BeforeMethod initSoftware -->
  <testcase name="@AfterClass backToHomePage" time="0.0" classname="com.young.appiumcombat.testcases.android.taxguide.Android_TaxGuidePage_001_UiCheck_test">
    <skipped/>
  </testcase> <!-- @AfterClass backToHomePage -->
  <testcase name="Case_001_intoTaxGuide" time="0.001" classname="com.young.appiumcombat.testcases.android.taxguide.Android_TaxGuidePage_001_UiCheck_test">
    <skipped/>
  </testcase> <!-- Case_001_intoTaxGuide -->
  <testcase name="Case_002_TaxGuidePageUiCheck" time="0.001" classname="com.young.appiumcombat.testcases.android.taxguide.Android_TaxGuidePage_001_UiCheck_test">
    <skipped/>
  </testcase> <!-- Case_002_TaxGuidePageUiCheck -->
  <testcase name="Case_003_ApplyTaxPageUiCheck" time="0.001" classname="com.young.appiumcombat.testcases.android.taxguide.Android_TaxGuidePage_001_UiCheck_test">
    <skipped/>
  </testcase> <!-- Case_003_ApplyTaxPageUiCheck -->
  <testcase name="Case_004_RegisterTaxUiCheck" time="0.0" classname="com.young.appiumcombat.testcases.android.taxguide.Android_TaxGuidePage_001_UiCheck_test">
    <skipped/>
  </testcase> <!-- Case_004_RegisterTaxUiCheck -->
  <testcase name="Case_005_InvoiceManagementUiCheck" time="0.001" classname="com.young.appiumcombat.testcases.android.taxguide.Android_TaxGuidePage_001_UiCheck_test">
    <skipped/>
  </testcase> <!-- Case_005_InvoiceManagementUiCheck -->
  <testcase name="Case_006_TaxAuthenticationUiCheck" time="0.0" classname="com.young.appiumcombat.testcases.android.taxguide.Android_TaxGuidePage_001_UiCheck_test">
    <skipped/>
  </testcase> <!-- Case_006_TaxAuthenticationUiCheck -->
  <testcase name="Case_007_DiscountRecordUiCheck" time="0.0" classname="com.young.appiumcombat.testcases.android.taxguide.Android_TaxGuidePage_001_UiCheck_test">
    <skipped/>
  </testcase> <!-- Case_007_DiscountRecordUiCheck -->
  <testcase name="Case_008_ProveManagerUiCheck" time="0.001" classname="com.young.appiumcombat.testcases.android.taxguide.Android_TaxGuidePage_001_UiCheck_test">
    <skipped/>
  </testcase> <!-- Case_008_ProveManagerUiCheck -->
</testsuite> <!-- 税务指导 -->
