<?xml version="1.0" encoding="UTF-8"?>
<!-- Generated by org.testng.reporters.JUnitXMLReporter -->
<testsuite hostname="liangdeMacBook-Pro.local" name="设置地区" tests="1" failures="1" timestamp="9 May 2017 05:37:58 GMT" time="36.75" errors="0">
  <testcase name="setToNationalVersion" time="27.551" classname="com.young.appiumcombat.testcases.android.setting.SettingPage_001_SetToNationalVersion_Test">
    <failure type="org.openqa.selenium.WebDriverException" message="An unknown server-side error occurred while processing the command. (WARNING: The server did not provide any stacktrace information)
Command duration or timeout: 1.41 seconds
Build info: version: &amp;apos;2.53.0&amp;apos;, revision: &amp;apos;35ae25b1534ae328c771e0856c93e187490ca824&amp;apos;, time: &amp;apos;2016-03-15 10:43:46&amp;apos;
System info: host: &amp;apos;liangdeMacBook-Pro.local&amp;apos;, ip: &amp;apos;192.168.1.99&amp;apos;, os.name: &amp;apos;Mac OS X&amp;apos;, os.arch: &amp;apos;x86_64&amp;apos;, os.version: &amp;apos;10.12.4&amp;apos;, java.version: &amp;apos;1.8.0_101&amp;apos;
Driver info: io.appium.java_client.android.AndroidDriver
Capabilities [{app=/工作/EclipseWorkSpace/appiumcombat/res/app/android/itaxer.apk, appPackage=com.ysyc.itaxer, networkConnectionEnabled=true, warnings={}, databaseEnabled=false, deviceName=emulator-5554, avd=Android-001, platform=LINUX, appActivity=com.ysyc.itaxer.ui.FlashActivity, desired={app=/工作/EclipseWorkSpace/appiumcombat/res/app/android/itaxer.apk, appPackage=com.ysyc.itaxer, appActivity=com.ysyc.itaxer.ui.FlashActivity, platformVersion=4.4.2, automationName=Appium, sessionOverride=true, unicodeKeyboard=true, platformName=Android, deviceName=Android-001, resetKeyboard=true, avd=Android-001}, platformVersion=4.4.2, webStorageEnabled=false, locationContextEnabled=false, automationName=Appium, takesScreenshot=true, javascriptEnabled=true, sessionOverride=true, unicodeKeyboard=true, platformName=Android, resetKeyboard=true}]
Session ID: e8902911-7c50-48a5-9d77-371badc9a374">
      <![CDATA[org.openqa.selenium.WebDriverException: An unknown server-side error occurred while processing the command. (WARNING: The server did not provide any stacktrace information)
Command duration or timeout: 1.41 seconds
Build info: version: '2.53.0', revision: '35ae25b1534ae328c771e0856c93e187490ca824', time: '2016-03-15 10:43:46'
System info: host: 'liangdeMacBook-Pro.local', ip: '192.168.1.99', os.name: 'Mac OS X', os.arch: 'x86_64', os.version: '10.12.4', java.version: '1.8.0_101'
Driver info: io.appium.java_client.android.AndroidDriver
Capabilities [{app=/工作/EclipseWorkSpace/appiumcombat/res/app/android/itaxer.apk, appPackage=com.ysyc.itaxer, networkConnectionEnabled=true, warnings={}, databaseEnabled=false, deviceName=emulator-5554, avd=Android-001, platform=LINUX, appActivity=com.ysyc.itaxer.ui.FlashActivity, desired={app=/工作/EclipseWorkSpace/appiumcombat/res/app/android/itaxer.apk, appPackage=com.ysyc.itaxer, appActivity=com.ysyc.itaxer.ui.FlashActivity, platformVersion=4.4.2, automationName=Appium, sessionOverride=true, unicodeKeyboard=true, platformName=Android, deviceName=Android-001, resetKeyboard=true, avd=Android-001}, platformVersion=4.4.2, webStorageEnabled=false, locationContextEnabled=false, automationName=Appium, takesScreenshot=true, javascriptEnabled=true, sessionOverride=true, unicodeKeyboard=true, platformName=Android, resetKeyboard=true}]
Session ID: e8902911-7c50-48a5-9d77-371badc9a374
	at org.openqa.selenium.remote.ErrorHandler.createThrowable(ErrorHandler.java:206)
	at org.openqa.selenium.remote.ErrorHandler.throwIfResponseFailed(ErrorHandler.java:158)
	at org.openqa.selenium.remote.RemoteWebDriver.execute(RemoteWebDriver.java:678)
	at io.appium.java_client.DefaultGenericMobileDriver.execute(DefaultGenericMobileDriver.java:43)
	at io.appium.java_client.AppiumDriver.execute(AppiumDriver.java:1)
	at io.appium.java_client.android.AndroidDriver.execute(AndroidDriver.java:1)
	at io.appium.java_client.AppiumDriver.performTouchAction(AppiumDriver.java:316)
	at io.appium.java_client.TouchAction.perform(TouchAction.java:318)
	at com.young.appiumcombat.utils.AppiumUtil.swipByTouchAction(AppiumUtil.java:733)
	at com.young.appiumcombat.pages.android.HelloPage.intoSettingPage(HelloPage.java:39)
	at com.young.appiumcombat.testcases.android.setting.SettingPage_001_SetToNationalVersion_Test.setToNationalVersion(SettingPage_001_SetToNationalVersion_Test.java:20)
	at java.util.concurrent.FutureTask.run(FutureTask.java:266)
	at java.util.concurrent.ThreadPoolExecutor.runWorker(ThreadPoolExecutor.java:1142)
	at java.util.concurrent.ThreadPoolExecutor$Worker.run(ThreadPoolExecutor.java:617)
	at java.lang.Thread.run(Thread.java:745)
... Removed 20 stack frames]]>
    </failure>
  </testcase> <!-- setToNationalVersion -->
</testsuite> <!-- 设置地区 -->
